<?xml version="1.0" encoding="UTF-8"?>
<!-- Generated by org.testng.reporters.JUnitReportReporter -->
<testsuite hostname="AMX-AL-20-017-W" failures="0" tests="13" name="icivics_testcases.I22_StudentRegistration2_ClassCode_Test" time="237.153" errors="0" timestamp="2022-09-02T22:36:16 IST" skipped="0">
  <testcase classname="icivics_testcases.I22_StudentRegistration2_ClassCode_Test" name="C398_verifypagecount2" time="12.512"/>
  <system-out/>
  <testcase classname="icivics_testcases.I22_StudentRegistration2_ClassCode_Test" name="C399_Clickbackbutton" time="15.891"/>
  <system-out/>
  <testcase classname="icivics_testcases.I22_StudentRegistration2_ClassCode_Test" name="C400_verifyfieldsisremembered" time="16.600"/>
  <system-out/>
  <testcase classname="icivics_testcases.I22_StudentRegistration2_ClassCode_Test" name="C403_clickontermsofuselink" time="28.647"/>
  <system-out/>
  <testcase classname="icivics_testcases.I22_StudentRegistration2_ClassCode_Test" name="C404_clickprivacypolicy" time="19.288"/>
  <system-out/>
  <testcase classname="icivics_testcases.I22_StudentRegistration2_ClassCode_Test" name="C405_verifypage2SignUpforEmailsfield" time="12.913"/>
  <system-out/>
  <testcase classname="icivics_testcases.I22_StudentRegistration2_ClassCode_Test" name="C408_hoveronpwdfield" time="16.852"/>
  <system-out/>
  <testcase classname="icivics_testcases.I22_StudentRegistration2_ClassCode_Test" name="C409_VerifyPasswordstrengthmeter" time="14.785"/>
  <system-out/>
  <testcase classname="icivics_testcases.I22_StudentRegistration2_ClassCode_Test" name="C410_VerifyPasswordindicatormatch" time="19.269"/>
  <system-out/>
  <testcase classname="icivics_testcases.I22_StudentRegistration2_ClassCode_Test" name="C412_verifyenterinvaliddata" time="23.192"/>
  <system-out/>
  <testcase classname="icivics_testcases.I22_StudentRegistration2_ClassCode_Test" name="C412_verifytermsofuseandprivacycheckbox" time="17.014"/>
  <system-out/>
  <testcase classname="icivics_testcases.I22_StudentRegistration2_ClassCode_Test" name="C413_verifyblankerrormsg" time="18.602"/>
  <system-out/>
  <testcase classname="icivics_testcases.I22_StudentRegistration2_ClassCode_Test" name="C414_verifypage3loaded" time="21.588"/>
  <system-out/>
</testsuite> <!-- icivics_testcases.I22_StudentRegistration2_ClassCode_Test -->
