<?xml version="1.0" encoding="UTF-8"?>
<!-- Generated by org.testng.reporters.JUnitReportReporter -->
<testsuite hostname="AMX-AL-20-017-W" failures="0" tests="14" name="icivics_testcases.MainsGamePage_Test" time="703.712" errors="0" timestamp="2022-08-23T12:31:02 IST" skipped="0">
  <testcase classname="icivics_testcases.MainsGamePage_Test" name="C73_Verifymainsgamepage" time="59.866"/>
  <system-out/>
  <testcase classname="icivics_testcases.MainsGamePage_Test" name="C73_Verifyleftcarousel" time="21.097"/>
  <system-out/>
  <testcase classname="icivics_testcases.MainsGamePage_Test" name="C73_Verifyrightcarousel" time="12.092"/>
  <system-out/>
  <testcase classname="icivics_testcases.MainsGamePage_Test" name="C73_Verifycarouseldots" time="56.090"/>
  <system-out/>
  <testcase classname="icivics_testcases.MainsGamePage_Test" name="C73_Verifycarouseldots3rdpage" time="17.525"/>
  <system-out/>
  <testcase classname="icivics_testcases.MainsGamePage_Test" name="C73_Verifybannerasananonymoususer" time="14.189"/>
  <system-out/>
  <testcase classname="icivics_testcases.MainsGamePage_Test" name="C73_Verifybannerasastudentlogin" time="70.051"/>
  <system-out/>
  <testcase classname="icivics_testcases.MainsGamePage_Test" name="C73_Verifybannerasateacherlogin" time="36.239"/>
  <system-out/>
  <testcase classname="icivics_testcases.MainsGamePage_Test" name="C73_Verifyregisterbuttonclick" time="14.651"/>
  <system-out/>
  <testcase classname="icivics_testcases.MainsGamePage_Test" name="C73_VerifygamesTiles" time="65.703"/>
  <system-out/>
  <testcase classname="icivics_testcases.MainsGamePage_Test" name="C73_VerifygamesTilesclick" time="278.275"/>
  <system-out/>
  <testcase classname="icivics_testcases.MainsGamePage_Test" name="C73_Verifygreenteachertile" time="21.548"/>
  <system-out/>
  <testcase classname="icivics_testcases.MainsGamePage_Test" name="C73_Verifyteachbutton" time="19.036"/>
  <system-out/>
  <testcase classname="icivics_testcases.MainsGamePage_Test" name="C73_Verifygetstartedbutton" time="17.350"/>
  <system-out/>
</testsuite> <!-- icivics_testcases.MainsGamePage_Test -->
