<?xml version="1.0" encoding="UTF-8"?>
<!-- Generated by org.testng.reporters.JUnitReportReporter -->
<testsuite hostname="AMX-AL-20-017-W" failures="0" tests="1" name="icivics_testcases.I51_PH_Gameload_Test" time="1315.237" errors="0" timestamp="2022-08-30T19:08:05 IST" skipped="0">
  <testcase classname="icivics_testcases.I51_PH_Gameload_Test" name="C83_Verifymainsgamepage" time="1315.237"/>
  <system-out/>
</testsuite> <!-- icivics_testcases.I51_PH_Gameload_Test -->
