<?xml version="1.0" encoding="UTF-8"?>
<!-- Generated by org.testng.reporters.JUnitReportReporter -->
<testsuite hostname="AMX-AL-20-017-W" failures="0" tests="6" name="icivics_testcases.I42_GoogleIntegration_Pg1TeacherRegistration_Test" time="420.688" errors="0" timestamp="2022-09-02T22:36:16 IST" skipped="0">
  <testcase classname="icivics_testcases.I42_GoogleIntegration_Pg1TeacherRegistration_Test" name="C545_VerifyTeacherregistrationpage1" time="129.132"/>
  <system-out/>
  <testcase classname="icivics_testcases.I42_GoogleIntegration_Pg1TeacherRegistration_Test" name="C546_Verifyroleandgradefield" time="56.925"/>
  <system-out/>
  <testcase classname="icivics_testcases.I42_GoogleIntegration_Pg1TeacherRegistration_Test" name="C547_Verifyroleandgradefield" time="67.088"/>
  <system-out/>
  <testcase classname="icivics_testcases.I42_GoogleIntegration_Pg1TeacherRegistration_Test" name="C548_Verifyleavegradeboxesunchecked" time="58.488"/>
  <system-out/>
  <testcase classname="icivics_testcases.I42_GoogleIntegration_Pg1TeacherRegistration_Test" name="C549_Verifyleaverolenoneselected" time="53.542"/>
  <system-out/>
  <testcase classname="icivics_testcases.I42_GoogleIntegration_Pg1TeacherRegistration_Test" name="C550_Verifyenterwithvaliddata" time="55.513"/>
  <system-out/>
</testsuite> <!-- icivics_testcases.I42_GoogleIntegration_Pg1TeacherRegistration_Test -->
