<?xml version="1.0" encoding="UTF-8"?>
<!-- Generated by org.testng.reporters.JUnitReportReporter -->
<testsuite hostname="AMX-AL-20-017-W" failures="0" tests="5" name="icivics_testcases.I32_HomePage_2Headerplay_Test" time="522.558" errors="0" timestamp="2022-09-01T11:32:46 IST" skipped="0">
  <testcase classname="icivics_testcases.I32_HomePage_2Headerplay_Test" name="C8_Verifyplaysubmenu" time="6.888"/>
  <system-out/>
  <testcase classname="icivics_testcases.I32_HomePage_2Headerplay_Test" name="C9_Verifyplaybuttonlist" time="11.240"/>
  <system-out/>
  <testcase classname="icivics_testcases.I32_HomePage_2Headerplay_Test" name="C10_Verifyplaybuttonelements" time="179.486"/>
  <system-out/>
  <testcase classname="icivics_testcases.I32_HomePage_2Headerplay_Test" name="C12_Verifypageisunderlined" time="314.823"/>
  <system-out/>
  <testcase classname="icivics_testcases.I32_HomePage_2Headerplay_Test" name="C13_Verifyclickonplaybuttonagain" time="10.121"/>
  <system-out/>
</testsuite> <!-- icivics_testcases.I32_HomePage_2Headerplay_Test -->
