<?xml version="1.0" encoding="UTF-8"?>
<!-- Generated by org.testng.reporters.JUnitReportReporter -->
<testsuite hostname="AMX-AL-20-017-W" failures="0" tests="13" name="icivics_testcases.I21_StudentRegistration1_Email_Test" time="197.385" errors="0" timestamp="2022-09-02T22:36:16 IST" skipped="0">
  <testcase classname="icivics_testcases.I21_StudentRegistration1_Email_Test" name="C383_Verifybreadcrumbs" time="7.288"/>
  <system-out/>
  <testcase classname="icivics_testcases.I21_StudentRegistration1_Email_Test" name="C384_Verifybreadcrumbspage" time="5.991"/>
  <system-out/>
  <testcase classname="icivics_testcases.I21_StudentRegistration1_Email_Test" name="C385_Verifyvideolink" time="18.702"/>
  <system-out/>
  <testcase classname="icivics_testcases.I21_StudentRegistration1_Email_Test" name="C387_verifytextfields" time="10.083"/>
  <system-out/>
  <testcase classname="icivics_testcases.I21_StudentRegistration1_Email_Test" name="C388_verifyusernamepregenerated" time="11.759"/>
  <system-out/>
  <testcase classname="icivics_testcases.I21_StudentRegistration1_Email_Test" name="C389_verifyusernamepregeneratedrandomly" time="18.414"/>
  <system-out/>
  <testcase classname="icivics_testcases.I21_StudentRegistration1_Email_Test" name="C390_verifyentertextinallfields" time="8.921"/>
  <system-out/>
  <testcase classname="icivics_testcases.I21_StudentRegistration1_Email_Test" name="C391_verifyfieldsmarkedwithanasterisk" time="6.674"/>
  <system-out/>
  <testcase classname="icivics_testcases.I21_StudentRegistration1_Email_Test" name="C392_verifyemailtooltips" time="6.929"/>
  <system-out/>
  <testcase classname="icivics_testcases.I21_StudentRegistration1_Email_Test" name="C393_verifyemailerrormsg" time="16.146"/>
  <system-out/>
  <testcase classname="icivics_testcases.I21_StudentRegistration1_Email_Test" name="C394_verifyblankerrormsg" time="49.487"/>
  <system-out/>
  <testcase classname="icivics_testcases.I21_StudentRegistration1_Email_Test" name="C396_verifyvalidregistration" time="18.637"/>
  <system-out/>
  <testcase classname="icivics_testcases.I21_StudentRegistration1_Email_Test" name="C397_Verifyclasscodelink" time="18.354"/>
  <system-out/>
</testsuite> <!-- icivics_testcases.I21_StudentRegistration1_Email_Test -->
