<?xml version="1.0" encoding="UTF-8"?>
<!-- Generated by org.testng.reporters.JUnitReportReporter -->
<testsuite hostname="AMX-AL-20-017-W" failures="0" tests="15" name="icivics_testcases.I51_PlayHub_MainsGamePage_Test" time="706.580" errors="0" timestamp="2022-09-02T22:36:16 IST" skipped="1">
  <testcase classname="icivics_testcases.I51_PlayHub_MainsGamePage_Test" name="C73_Verifymainsgamepage" time="25.950"/>
  <system-out/>
  <testcase classname="icivics_testcases.I51_PlayHub_MainsGamePage_Test" name="C73_Verifyleftcarousel" time="15.821"/>
  <system-out/>
  <testcase classname="icivics_testcases.I51_PlayHub_MainsGamePage_Test" name="C73_Verifyrightcarousel" time="16.068"/>
  <system-out/>
  <testcase classname="icivics_testcases.I51_PlayHub_MainsGamePage_Test" name="C73_Verifycarouseldots" time="42.721"/>
  <system-out/>
  <testcase classname="icivics_testcases.I51_PlayHub_MainsGamePage_Test" name="C73_Verifycarouseldots3rdpage" time="16.504"/>
  <system-out/>
  <testcase classname="icivics_testcases.I51_PlayHub_MainsGamePage_Test" name="C73_Verifybannerasananonymoususer" time="15.494"/>
  <system-out/>
  <testcase classname="icivics_testcases.I51_PlayHub_MainsGamePage_Test" name="C73_Verifybannerasastudentlogin" time="71.881"/>
  <system-out/>
  <testcase classname="icivics_testcases.I51_PlayHub_MainsGamePage_Test" name="C73_Verifybannerasastudentlogin" time="19.583">
    <skipped/>
  </testcase> <!-- C73_Verifybannerasastudentlogin -->
  <system-out/>
  <testcase classname="icivics_testcases.I51_PlayHub_MainsGamePage_Test" name="C73_Verifybannerasateacherlogin" time="44.491"/>
  <system-out/>
  <testcase classname="icivics_testcases.I51_PlayHub_MainsGamePage_Test" name="C73_Verifyregisterbuttonclick" time="19.738"/>
  <system-out/>
  <testcase classname="icivics_testcases.I51_PlayHub_MainsGamePage_Test" name="C73_VerifygamesTiles" time="17.415"/>
  <system-out/>
  <testcase classname="icivics_testcases.I51_PlayHub_MainsGamePage_Test" name="C73_VerifygamesTilesclick" time="319.564"/>
  <system-out/>
  <testcase classname="icivics_testcases.I51_PlayHub_MainsGamePage_Test" name="C73_Verifygreenteachertile" time="21.599"/>
  <system-out/>
  <testcase classname="icivics_testcases.I51_PlayHub_MainsGamePage_Test" name="C73_Verifyteachbutton" time="30.737"/>
  <system-out/>
  <testcase classname="icivics_testcases.I51_PlayHub_MainsGamePage_Test" name="C73_Verifygetstartedbutton" time="29.014"/>
  <system-out/>
</testsuite> <!-- icivics_testcases.I51_PlayHub_MainsGamePage_Test -->
