<?xml version="1.0" encoding="UTF-8"?>
<!-- Generated by org.testng.reporters.JUnitReportReporter -->
<testsuite hostname="AMX-AL-20-017-W" failures="0" tests="6" name="icivics_testcases.I24_StudentRegistration3_ClassCode_Test" time="139.373" errors="0" timestamp="2022-09-01T11:32:46 IST" skipped="0">
  <testcase classname="icivics_testcases.I24_StudentRegistration3_ClassCode_Test" name="C454_verifypagecount3" time="21.396"/>
  <system-out/>
  <testcase classname="icivics_testcases.I24_StudentRegistration3_ClassCode_Test" name="C455_verifyusernamegenerateddisplay" time="23.518"/>
  <system-out/>
  <testcase classname="icivics_testcases.I24_StudentRegistration3_ClassCode_Test" name="C456_verifyusernametextddisplay" time="22.053"/>
  <system-out/>
  <testcase classname="icivics_testcases.I24_StudentRegistration3_ClassCode_Test" name="C457_verifyemailddisplay" time="24.151"/>
  <system-out/>
  <testcase classname="icivics_testcases.I24_StudentRegistration3_ClassCode_Test" name="C458_verifyemailtextddisplay" time="19.888"/>
  <system-out/>
  <testcase classname="icivics_testcases.I24_StudentRegistration3_ClassCode_Test" name="C459_clickcontinuetomyassignmentbutton" time="28.367"/>
  <system-out/>
</testsuite> <!-- icivics_testcases.I24_StudentRegistration3_ClassCode_Test -->
