<?xml version="1.0" encoding="UTF-8"?>
<!-- Generated by org.testng.reporters.JUnitReportReporter -->
<testsuite hostname="AMX-AL-20-017-W" failures="0" tests="1" name="icivics_testcases.I34_HomePage_3Headerteach2_Test" time="71.320" errors="0" timestamp="2022-09-01T11:32:46 IST" skipped="0">
  <testcase classname="icivics_testcases.I34_HomePage_3Headerteach2_Test" name="C19_Verifyteachsubmenu" time="71.320"/>
  <system-out/>
</testsuite> <!-- icivics_testcases.I34_HomePage_3Headerteach2_Test -->
