<?xml version="1.0" encoding="UTF-8"?>
<!-- Generated by org.testng.reporters.JUnitReportReporter -->
<testsuite hostname="AMX-AL-20-017-W" failures="0" tests="11" name="icivics_testcases.I11_EducatorRegistration1_Test" time="161.289" errors="0" timestamp="2022-09-01T11:32:46 IST" skipped="0">
  <testcase classname="icivics_testcases.I11_EducatorRegistration1_Test" name="C327_verifybreadcrumbspage1" time="6.600"/>
  <system-out/>
  <testcase classname="icivics_testcases.I11_EducatorRegistration1_Test" name="C328_verifytextfields" time="8.163"/>
  <system-out/>
  <testcase classname="icivics_testcases.I11_EducatorRegistration1_Test" name="C329_verifyusernamepregenerated" time="12.143"/>
  <system-out/>
  <testcase classname="icivics_testcases.I11_EducatorRegistration1_Test" name="C330_verifyusernamepregeneratedrandomly" time="17.959"/>
  <system-out/>
  <testcase classname="icivics_testcases.I11_EducatorRegistration1_Test" name="C331_verifyentertextinallfields" time="10.329"/>
  <system-out/>
  <testcase classname="icivics_testcases.I11_EducatorRegistration1_Test" name="C332_verifyfieldsmarkedwithanasterisk" time="6.883"/>
  <system-out/>
  <testcase classname="icivics_testcases.I11_EducatorRegistration1_Test" name="C333_verifyemailtooltips" time="7.779"/>
  <system-out/>
  <testcase classname="icivics_testcases.I11_EducatorRegistration1_Test" name="C334_verifyemailerrormsg" time="14.146"/>
  <system-out/>
  <testcase classname="icivics_testcases.I11_EducatorRegistration1_Test" name="C335_verifyblankerrormsg" time="46.968"/>
  <system-out/>
  <testcase classname="icivics_testcases.I11_EducatorRegistration1_Test" name="C336_verifyinvaliderrormsg" time="13.551"/>
  <system-out/>
  <testcase classname="icivics_testcases.I11_EducatorRegistration1_Test" name="C337_verifyvalidregistration" time="16.768"/>
  <system-out/>
</testsuite> <!-- icivics_testcases.I11_EducatorRegistration1_Test -->
