<?xml version="1.0" encoding="UTF-8"?>
<!-- Generated by org.testng.reporters.JUnitReportReporter -->
<testsuite hostname="AMX-AL-20-017-W" failures="0" tests="6" name="icivics_testcases.I25_StudentRegistration3_Email_Test" time="126.756" errors="0" timestamp="2022-09-02T22:36:16 IST" skipped="0">
  <testcase classname="icivics_testcases.I25_StudentRegistration3_Email_Test" name="C372_verifypagecount3" time="18.752"/>
  <system-out/>
  <testcase classname="icivics_testcases.I25_StudentRegistration3_Email_Test" name="C373_verifycheckmsgdisplay" time="19.596"/>
  <system-out/>
  <testcase classname="icivics_testcases.I25_StudentRegistration3_Email_Test" name="C374_verifycheckmsgdisplay" time="19.263"/>
  <system-out/>
  <testcase classname="icivics_testcases.I25_StudentRegistration3_Email_Test" name="C375_verifyregisteredemaildisplay" time="18.442"/>
  <system-out/>
  <testcase classname="icivics_testcases.I25_StudentRegistration3_Email_Test" name="C376_verifyresendbutton" time="25.954"/>
  <system-out/>
  <testcase classname="icivics_testcases.I25_StudentRegistration3_Email_Test" name="C377_verifyconfirmationemail" time="24.749"/>
  <system-out/>
</testsuite> <!-- icivics_testcases.I25_StudentRegistration3_Email_Test -->
