<?xml version="1.0" encoding="UTF-8"?>
<!-- Generated by org.testng.reporters.JUnitReportReporter -->
<testsuite hostname="AMX-AL-20-017-W" failures="0" tests="9" name="icivics_testcases.I37_HomePage_5HeaderSigninMisc_Test" time="146.880" errors="0" timestamp="2022-09-02T22:36:16 IST" skipped="0">
  <testcase classname="icivics_testcases.I37_HomePage_5HeaderSigninMisc_Test" name="C29_Verifydonatebutton" time="8.570"/>
  <system-out/>
  <testcase classname="icivics_testcases.I37_HomePage_5HeaderSigninMisc_Test" name="C30_Verifydonatebuttonclick" time="21.691"/>
  <system-out/>
  <testcase classname="icivics_testcases.I37_HomePage_5HeaderSigninMisc_Test" name="C31_Verifyshopbutton" time="7.441"/>
  <system-out/>
  <testcase classname="icivics_testcases.I37_HomePage_5HeaderSigninMisc_Test" name="C32_Verifyshopbuttonclick" time="10.298"/>
  <system-out/>
  <testcase classname="icivics_testcases.I37_HomePage_5HeaderSigninMisc_Test" name="C33_Verifysigninbuttonforanonymoususer" time="7.193"/>
  <system-out/>
  <testcase classname="icivics_testcases.I37_HomePage_5HeaderSigninMisc_Test" name="C37_Verifysigninbuttonsubmenu" time="11.214"/>
  <system-out/>
  <testcase classname="icivics_testcases.I37_HomePage_5HeaderSigninMisc_Test" name="C38_Verifysigninbuttonsubmenu" time="21.993"/>
  <system-out/>
  <testcase classname="icivics_testcases.I37_HomePage_5HeaderSigninMisc_Test" name="C41_Verifysubmenuoptionisunderlined" time="47.440"/>
  <system-out/>
  <testcase classname="icivics_testcases.I37_HomePage_5HeaderSigninMisc_Test" name="C42_Verifysubmenuoptionisunderlined" time="11.040"/>
  <system-out/>
</testsuite> <!-- icivics_testcases.I37_HomePage_5HeaderSigninMisc_Test -->
