<?xml version="1.0" encoding="UTF-8"?>
<!-- Generated by org.testng.reporters.JUnitReportReporter -->
<testsuite hostname="AMX-AL-20-017-W" failures="0" tests="6" name="icivics_testcases.I24_StudentRegistration3_ClassCode_Test" time="138.529" errors="0" timestamp="2022-09-02T22:36:16 IST" skipped="0">
  <testcase classname="icivics_testcases.I24_StudentRegistration3_ClassCode_Test" name="C454_verifypagecount3" time="20.994"/>
  <system-out/>
  <testcase classname="icivics_testcases.I24_StudentRegistration3_ClassCode_Test" name="C455_verifyusernamegenerateddisplay" time="24.231"/>
  <system-out/>
  <testcase classname="icivics_testcases.I24_StudentRegistration3_ClassCode_Test" name="C456_verifyusernametextddisplay" time="19.997"/>
  <system-out/>
  <testcase classname="icivics_testcases.I24_StudentRegistration3_ClassCode_Test" name="C457_verifyemailddisplay" time="23.609"/>
  <system-out/>
  <testcase classname="icivics_testcases.I24_StudentRegistration3_ClassCode_Test" name="C458_verifyemailtextddisplay" time="22.531"/>
  <system-out/>
  <testcase classname="icivics_testcases.I24_StudentRegistration3_ClassCode_Test" name="C459_clickcontinuetomyassignmentbutton" time="27.167"/>
  <system-out/>
</testsuite> <!-- icivics_testcases.I24_StudentRegistration3_ClassCode_Test -->
