<?xml version="1.0" encoding="UTF-8"?>
<!-- Generated by org.testng.reporters.JUnitReportReporter -->
<testsuite hostname="AMX-AL-20-017-W" failures="0" tests="4" name="icivics_testcases.I35_HomePage_4HeaderAbout_Test" time="94.698" errors="0" timestamp="2022-09-01T11:32:46 IST" skipped="0">
  <testcase classname="icivics_testcases.I35_HomePage_4HeaderAbout_Test" name="C22_Verifyaboutsubmenu" time="14.034"/>
  <system-out/>
  <testcase classname="icivics_testcases.I35_HomePage_4HeaderAbout_Test" name="C23_Verifysubmenucount" time="7.676"/>
  <system-out/>
  <testcase classname="icivics_testcases.I35_HomePage_4HeaderAbout_Test" name="C24_VerifysubmenuElement" time="62.581"/>
  <system-out/>
  <testcase classname="icivics_testcases.I35_HomePage_4HeaderAbout_Test" name="C27_Verifyclickaboutbuttonagain" time="10.407"/>
  <system-out/>
</testsuite> <!-- icivics_testcases.I35_HomePage_4HeaderAbout_Test -->
