<?xml version="1.0" encoding="UTF-8"?>
<!-- Generated by org.testng.reporters.JUnitReportReporter -->
<testsuite hostname="AMX-AL-20-017-W" failures="0" tests="4" name="icivics_testcases.I30_HomePage_1Header_Test" time="55.991" errors="0" timestamp="2022-09-01T11:32:46 IST" skipped="0">
  <testcase classname="icivics_testcases.I30_HomePage_1Header_Test" name="C1_VerifyLogo" time="13.201"/>
  <system-out/>
  <testcase classname="icivics_testcases.I30_HomePage_1Header_Test" name="C2_VerifyHeaderbuttonforanonymoususer" time="15.897"/>
  <system-out/>
  <testcase classname="icivics_testcases.I30_HomePage_1Header_Test" name="C2_VerifyHeaderbuttonforauthenticateduser" time="14.542"/>
  <system-out/>
  <testcase classname="icivics_testcases.I30_HomePage_1Header_Test" name="C1538_Verifydonationpopup" time="12.351"/>
  <system-out/>
</testsuite> <!-- icivics_testcases.I30_HomePage_1Header_Test -->
