<?xml version="1.0" encoding="UTF-8"?>
<!-- Generated by org.testng.reporters.JUnitReportReporter -->
<testsuite hostname="AMX-AL-20-017-W" failures="0" tests="13" name="icivics_testcases.I21_StudentRegistration1_Email_Test" time="197.307" errors="0" timestamp="2022-09-01T11:32:46 IST" skipped="0">
  <testcase classname="icivics_testcases.I21_StudentRegistration1_Email_Test" name="C383_Verifybreadcrumbs" time="6.990"/>
  <system-out/>
  <testcase classname="icivics_testcases.I21_StudentRegistration1_Email_Test" name="C384_Verifybreadcrumbspage" time="9.339"/>
  <system-out/>
  <testcase classname="icivics_testcases.I21_StudentRegistration1_Email_Test" name="C385_Verifyvideolink" time="21.235"/>
  <system-out/>
  <testcase classname="icivics_testcases.I21_StudentRegistration1_Email_Test" name="C387_verifytextfields" time="8.627"/>
  <system-out/>
  <testcase classname="icivics_testcases.I21_StudentRegistration1_Email_Test" name="C388_verifyusernamepregenerated" time="10.466"/>
  <system-out/>
  <testcase classname="icivics_testcases.I21_StudentRegistration1_Email_Test" name="C389_verifyusernamepregeneratedrandomly" time="18.188"/>
  <system-out/>
  <testcase classname="icivics_testcases.I21_StudentRegistration1_Email_Test" name="C390_verifyentertextinallfields" time="11.133"/>
  <system-out/>
  <testcase classname="icivics_testcases.I21_StudentRegistration1_Email_Test" name="C391_verifyfieldsmarkedwithanasterisk" time="6.531"/>
  <system-out/>
  <testcase classname="icivics_testcases.I21_StudentRegistration1_Email_Test" name="C392_verifyemailtooltips" time="6.857"/>
  <system-out/>
  <testcase classname="icivics_testcases.I21_StudentRegistration1_Email_Test" name="C393_verifyemailerrormsg" time="14.254"/>
  <system-out/>
  <testcase classname="icivics_testcases.I21_StudentRegistration1_Email_Test" name="C394_verifyblankerrormsg" time="48.585"/>
  <system-out/>
  <testcase classname="icivics_testcases.I21_StudentRegistration1_Email_Test" name="C396_verifyvalidregistration" time="17.146"/>
  <system-out/>
  <testcase classname="icivics_testcases.I21_StudentRegistration1_Email_Test" name="C397_Verifyclasscodelink" time="17.956"/>
  <system-out/>
</testsuite> <!-- icivics_testcases.I21_StudentRegistration1_Email_Test -->
