<?xml version="1.0" encoding="UTF-8"?>
<!-- Generated by org.testng.reporters.JUnitReportReporter -->
<testsuite hostname="AMX-RL-20-348-W" failures="0" tests="1" name="icivics_testcases.MainsGamePage_Test" time="75.458" errors="0" timestamp="2022-08-09T00:48:11 IST" skipped="0">
  <testcase classname="icivics_testcases.MainsGamePage_Test" name="C73_VerifygamesTilesclick" time="75.458"/>
  <system-out/>
</testsuite> <!-- icivics_testcases.MainsGamePage_Test -->
