<?xml version="1.0" encoding="UTF-8"?>
<!-- Generated by org.testng.reporters.JUnitReportReporter -->
<testsuite hostname="AMX-AL-20-017-W" failures="0" tests="4" name="icivics_testcases.I30_HomePage_1Header_Test" time="59.433" errors="0" timestamp="2022-09-02T22:36:16 IST" skipped="0">
  <testcase classname="icivics_testcases.I30_HomePage_1Header_Test" name="C1_VerifyLogo" time="12.400"/>
  <system-out/>
  <testcase classname="icivics_testcases.I30_HomePage_1Header_Test" name="C2_VerifyHeaderbuttonforanonymoususer" time="17.343"/>
  <system-out/>
  <testcase classname="icivics_testcases.I30_HomePage_1Header_Test" name="C2_VerifyHeaderbuttonforauthenticateduser" time="14.847"/>
  <system-out/>
  <testcase classname="icivics_testcases.I30_HomePage_1Header_Test" name="C1538_Verifydonationpopup" time="14.843"/>
  <system-out/>
</testsuite> <!-- icivics_testcases.I30_HomePage_1Header_Test -->
