<?xml version="1.0" encoding="UTF-8"?>
<!-- Generated by org.testng.reporters.JUnitReportReporter -->
<testsuite hostname="AMX-AL-20-017-W" failures="0" tests="1" name="icivics_testcases.I50_PlayHub_Individual_Game_ArgumentsWar_Test" time="121.523" errors="0" timestamp="2022-09-02T23:13:01 IST" skipped="0">
  <testcase classname="icivics_testcases.I50_PlayHub_Individual_Game_ArgumentsWar_Test" name="C87_Verifyassignpopup" time="121.523"/>
  <system-out/>
</testsuite> <!-- icivics_testcases.I50_PlayHub_Individual_Game_ArgumentsWar_Test -->
