<?xml version="1.0" encoding="UTF-8"?>
<!-- Generated by org.testng.reporters.JUnitReportReporter -->
<testsuite hostname="AMX-AL-20-017-W" failures="0" tests="13" name="icivics_testcases.I23_StudentRegistration2_Email_Test" time="196.253" errors="0" timestamp="2022-09-01T11:32:46 IST" skipped="0">
  <testcase classname="icivics_testcases.I23_StudentRegistration2_Email_Test" name="C398_verifypagecount2" time="10.627"/>
  <system-out/>
  <testcase classname="icivics_testcases.I23_StudentRegistration2_Email_Test" name="C399_Clickbackbutton" time="12.930"/>
  <system-out/>
  <testcase classname="icivics_testcases.I23_StudentRegistration2_Email_Test" name="C400_verifyfieldsisremembered" time="13.281"/>
  <system-out/>
  <testcase classname="icivics_testcases.I23_StudentRegistration2_Email_Test" name="C403_clickontermsofuselink" time="28.466"/>
  <system-out/>
  <testcase classname="icivics_testcases.I23_StudentRegistration2_Email_Test" name="C404_clickprivacypolicy" time="17.390"/>
  <system-out/>
  <testcase classname="icivics_testcases.I23_StudentRegistration2_Email_Test" name="C405_verifypage2SignUpforEmailsfield" time="10.780"/>
  <system-out/>
  <testcase classname="icivics_testcases.I23_StudentRegistration2_Email_Test" name="C408_hoveronpwdfield" time="10.897"/>
  <system-out/>
  <testcase classname="icivics_testcases.I23_StudentRegistration2_Email_Test" name="C409_VerifyPasswordstrengthmeter" time="13.510"/>
  <system-out/>
  <testcase classname="icivics_testcases.I23_StudentRegistration2_Email_Test" name="C410_VerifyPasswordindicatormatch" time="13.997"/>
  <system-out/>
  <testcase classname="icivics_testcases.I23_StudentRegistration2_Email_Test" name="C412_verifyenterinvaliddata" time="15.231"/>
  <system-out/>
  <testcase classname="icivics_testcases.I23_StudentRegistration2_Email_Test" name="C412_verifytermsofuseandprivacycheckbox" time="15.096"/>
  <system-out/>
  <testcase classname="icivics_testcases.I23_StudentRegistration2_Email_Test" name="C413_verifyblankerrormsg" time="17.174"/>
  <system-out/>
  <testcase classname="icivics_testcases.I23_StudentRegistration2_Email_Test" name="C414_verifypage3loaded" time="16.874"/>
  <system-out/>
</testsuite> <!-- icivics_testcases.I23_StudentRegistration2_Email_Test -->
