<?xml version="1.0" encoding="UTF-8"?>
<!-- Generated by org.testng.reporters.JUnitReportReporter -->
<testsuite hostname="AMX-AL-20-017-W" failures="0" tests="6" name="icivics_testcases.I31_HomePage_1TeacherHeader_Test" time="388.059" errors="0" timestamp="2022-09-01T11:32:46 IST" skipped="0">
  <testcase classname="icivics_testcases.I31_HomePage_1TeacherHeader_Test" name="C3_Verifyheaderbuttonsforanonymoususer" time="16.129"/>
  <system-out/>
  <testcase classname="icivics_testcases.I31_HomePage_1TeacherHeader_Test" name="C3_Verifyheaderbuttonsforauthenticateduser" time="14.035"/>
  <system-out/>
  <testcase classname="icivics_testcases.I31_HomePage_1TeacherHeader_Test" name="C4_Verifyheaderelemets" time="174.022"/>
  <system-out/>
  <testcase classname="icivics_testcases.I31_HomePage_1TeacherHeader_Test" name="C6_Verifyheaderbuttonhoverforanonymoususer" time="71.487"/>
  <system-out/>
  <testcase classname="icivics_testcases.I31_HomePage_1TeacherHeader_Test" name="C6_verifyaheaderbuttonhoverforauthenticateduser" time="73.650"/>
  <system-out/>
  <testcase classname="icivics_testcases.I31_HomePage_1TeacherHeader_Test" name="C7_verifyresizeheaderintohamburger" time="38.736"/>
  <system-out/>
</testsuite> <!-- icivics_testcases.I31_HomePage_1TeacherHeader_Test -->
