<?xml version="1.0" encoding="UTF-8"?>
<!-- Generated by org.testng.reporters.JUnitReportReporter -->
<testsuite hostname="AMX-AL-20-017-W" failures="0" tests="3" name="icivics_testcases.I45_GoogleIntegration_StudentRegistration_Test" time="254.770" errors="0" timestamp="2022-09-02T22:36:16 IST" skipped="0">
  <testcase classname="icivics_testcases.I45_GoogleIntegration_StudentRegistration_Test" name="C557_Verifyagreetotermsandconditionfield" time="41.907"/>
  <system-out/>
  <testcase classname="icivics_testcases.I45_GoogleIntegration_StudentRegistration_Test" name="C558_Verifyerrormsg" time="48.322"/>
  <system-out/>
  <testcase classname="icivics_testcases.I45_GoogleIntegration_StudentRegistration_Test" name="C559_Verifyerrormsg" time="164.541"/>
  <system-out/>
</testsuite> <!-- icivics_testcases.I45_GoogleIntegration_StudentRegistration_Test -->
