<?xml version="1.0" encoding="UTF-8"?>
<!-- Generated by org.testng.reporters.JUnitReportReporter -->
<testsuite hostname="AMX-AL-20-017-W" failures="0" tests="1" name="icivics_testcases.ArgumentsWar_Test" time="342.810" errors="0" timestamp="2022-08-24T23:25:41 IST" skipped="0">
  <testcase classname="icivics_testcases.ArgumentsWar_Test" name="C89_Verifyappleapp" time="342.810"/>
  <system-out/>
</testsuite> <!-- icivics_testcases.ArgumentsWar_Test -->
