<?xml version="1.0" encoding="UTF-8"?>
<!-- Generated by org.testng.reporters.JUnitReportReporter -->
<testsuite hostname="AMX-AL-20-017-W" failures="0" tests="12" name="icivics_testcases.I36_HomePage_5HeaderMyicivicsMisc_Test" time="244.083" errors="0" timestamp="2022-09-01T11:32:46 IST" skipped="0">
  <testcase classname="icivics_testcases.I36_HomePage_5HeaderMyicivicsMisc_Test" name="C29_Verifydonatebutton" time="13.265"/>
  <system-out/>
  <testcase classname="icivics_testcases.I36_HomePage_5HeaderMyicivicsMisc_Test" name="C30_Verifydonatebuttonclick" time="21.712"/>
  <system-out/>
  <testcase classname="icivics_testcases.I36_HomePage_5HeaderMyicivicsMisc_Test" name="C31_Verifyshopbutton" time="11.390"/>
  <system-out/>
  <testcase classname="icivics_testcases.I36_HomePage_5HeaderMyicivicsMisc_Test" name="C32_Verifyshopbuttonclick" time="15.571"/>
  <system-out/>
  <testcase classname="icivics_testcases.I36_HomePage_5HeaderMyicivicsMisc_Test" name="C34_VerifyIcivicsbutton" time="13.264"/>
  <system-out/>
  <testcase classname="icivics_testcases.I36_HomePage_5HeaderMyicivicsMisc_Test" name="C35_Verifytheavatar" time="15.728"/>
  <system-out/>
  <testcase classname="icivics_testcases.I36_HomePage_5HeaderMyicivicsMisc_Test" name="C35_Verifythenoavatar" time="18.268"/>
  <system-out/>
  <testcase classname="icivics_testcases.I36_HomePage_5HeaderMyicivicsMisc_Test" name="C36_VerifyIcivicssubmenu" time="14.221"/>
  <system-out/>
  <testcase classname="icivics_testcases.I36_HomePage_5HeaderMyicivicsMisc_Test" name="C37_VerifyIcivicssubmenu" time="14.773"/>
  <system-out/>
  <testcase classname="icivics_testcases.I36_HomePage_5HeaderMyicivicsMisc_Test" name="C39_Myicivicsbuttonelementsverification" time="35.956"/>
  <system-out/>
  <testcase classname="icivics_testcases.I36_HomePage_5HeaderMyicivicsMisc_Test" name="C41_verifyselectpageisunderlined" time="52.967"/>
  <system-out/>
  <testcase classname="icivics_testcases.I36_HomePage_5HeaderMyicivicsMisc_Test" name="C42_Verifymyicivicsbuttonsubmenuclose" time="16.968"/>
  <system-out/>
</testsuite> <!-- icivics_testcases.I36_HomePage_5HeaderMyicivicsMisc_Test -->
