<?xml version="1.0" encoding="UTF-8"?>
<!-- Generated by org.testng.reporters.JUnitReportReporter -->
<testsuite hostname="AMX-AL-20-017-W" failures="0" tests="20" name="icivics_testcases.I50_PlayHub_ArgumentsWar_Test" time="2305.837" errors="0" timestamp="2022-09-01T11:32:46 IST" skipped="0">
  <testcase classname="icivics_testcases.I50_PlayHub_ArgumentsWar_Test" name="C81_Verifylink" time="12.050"/>
  <system-out/>
  <testcase classname="icivics_testcases.I50_PlayHub_ArgumentsWar_Test" name="C82_Verifypopup" time="21.862"/>
  <system-out/>
  <testcase classname="icivics_testcases.I50_PlayHub_ArgumentsWar_Test" name="C84_Verifyeducatorbutton" time="46.919"/>
  <system-out/>
  <testcase classname="icivics_testcases.I50_PlayHub_ArgumentsWar_Test" name="C85_Verifyeducatorbuttonforstudent" time="45.169"/>
  <system-out/>
  <testcase classname="icivics_testcases.I50_PlayHub_ArgumentsWar_Test" name="C85_Verifyeducatorbuttonforanonymoususer" time="5.291"/>
  <system-out/>
  <testcase classname="icivics_testcases.I50_PlayHub_ArgumentsWar_Test" name="C86_Verifyteacherresourcespopup" time="49.331"/>
  <system-out/>
  <testcase classname="icivics_testcases.I50_PlayHub_ArgumentsWar_Test" name="C87_Verifyassignpopup" time="73.207"/>
  <system-out/>
  <testcase classname="icivics_testcases.I50_PlayHub_ArgumentsWar_Test" name="C88_Verifyassignform" time="76.566"/>
  <system-out/>
  <testcase classname="icivics_testcases.I50_PlayHub_ArgumentsWar_Test" name="C89_Verifyappleapp" time="318.604"/>
  <system-out/>
  <testcase classname="icivics_testcases.I50_PlayHub_ArgumentsWar_Test" name="C90_Verifyappleapppage" time="523.608"/>
  <system-out/>
  <testcase classname="icivics_testcases.I50_PlayHub_ArgumentsWar_Test" name="C91_Verifygoogleplaybutton" time="303.287"/>
  <system-out/>
  <testcase classname="icivics_testcases.I50_PlayHub_ArgumentsWar_Test" name="C92_Verifygoogleplaypage" time="516.647"/>
  <system-out/>
  <testcase classname="icivics_testcases.I50_PlayHub_ArgumentsWar_Test" name="C93_Verifyextensionpack" time="45.621"/>
  <system-out/>
  <testcase classname="icivics_testcases.I50_PlayHub_ArgumentsWar_Test" name="C93_Verifyextensionpackforsortifygame" time="46.608"/>
  <system-out/>
  <testcase classname="icivics_testcases.I50_PlayHub_ArgumentsWar_Test" name="C94_Verifyextensionpackforanonymoususere" time="10.774"/>
  <system-out/>
  <testcase classname="icivics_testcases.I50_PlayHub_ArgumentsWar_Test" name="C94_Verifyextensionpackforstudent" time="41.041"/>
  <system-out/>
  <testcase classname="icivics_testcases.I50_PlayHub_ArgumentsWar_Test" name="C95_Verifyextensionpackclick" time="73.888"/>
  <system-out/>
  <testcase classname="icivics_testcases.I50_PlayHub_ArgumentsWar_Test" name="C96_Verifylearningobjectives" time="46.161"/>
  <system-out/>
  <testcase classname="icivics_testcases.I50_PlayHub_ArgumentsWar_Test" name="C97_Verifylearningobjectivesforanonymoususer" time="7.139"/>
  <system-out/>
  <testcase classname="icivics_testcases.I50_PlayHub_ArgumentsWar_Test" name="C97_Verifylearningobjectivesforstudent" time="42.064"/>
  <system-out/>
</testsuite> <!-- icivics_testcases.I50_PlayHub_ArgumentsWar_Test -->
