<?xml version="1.0" encoding="UTF-8"?>
<!-- Generated by org.testng.reporters.JUnitReportReporter -->
<testsuite hostname="AMX-AL-20-017-W" failures="0" tests="19" name="icivics_testcases.ArgumentsWar_Test" time="1090.408" errors="0" timestamp="2022-08-23T22:36:39 IST" skipped="0">
  <testcase classname="icivics_testcases.ArgumentsWar_Test" name="C81_Verifylink" time="21.623"/>
  <system-out/>
  <testcase classname="icivics_testcases.ArgumentsWar_Test" name="C82_Verifypopup" time="27.200"/>
  <system-out/>
  <testcase classname="icivics_testcases.ArgumentsWar_Test" name="C83_Verifygameload" time="43.796"/>
  <system-out/>
  <testcase classname="icivics_testcases.ArgumentsWar_Test" name="C84_Verifyeducatorbutton" time="55.628"/>
  <system-out/>
  <testcase classname="icivics_testcases.ArgumentsWar_Test" name="C85_Verifyeducatorbuttonforstudent" time="61.488"/>
  <system-out/>
  <testcase classname="icivics_testcases.ArgumentsWar_Test" name="C86_Verifyteacherresourcespopup" time="52.457"/>
  <system-out/>
  <testcase classname="icivics_testcases.ArgumentsWar_Test" name="C87_Verifyassignpopup" time="107.018"/>
  <system-out/>
  <testcase classname="icivics_testcases.ArgumentsWar_Test" name="C88_Verifyassignform" time="109.317"/>
  <system-out/>
  <testcase classname="icivics_testcases.ArgumentsWar_Test" name="C89_Verifyappleapp" time="53.248"/>
  <system-out/>
  <testcase classname="icivics_testcases.ArgumentsWar_Test" name="C90_Verifyappleapppage" time="56.342"/>
  <system-out/>
  <testcase classname="icivics_testcases.ArgumentsWar_Test" name="C91_Verifygoogleplaybutton" time="56.145"/>
  <system-out/>
  <testcase classname="icivics_testcases.ArgumentsWar_Test" name="C93_Verifyextensionpack" time="43.496"/>
  <system-out/>
  <testcase classname="icivics_testcases.ArgumentsWar_Test" name="C93_Verifyextensionpackforsortifygame" time="70.680"/>
  <system-out/>
  <testcase classname="icivics_testcases.ArgumentsWar_Test" name="C94_Verifyextensionpackforanonymoususere" time="17.705"/>
  <system-out/>
  <testcase classname="icivics_testcases.ArgumentsWar_Test" name="C94_Verifyextensionpackforstudent" time="58.645"/>
  <system-out/>
  <testcase classname="icivics_testcases.ArgumentsWar_Test" name="C95_Verifyextensionpackclick" time="113.776"/>
  <system-out/>
  <testcase classname="icivics_testcases.ArgumentsWar_Test" name="C96_Verifylearningobjectives" time="67.057"/>
  <system-out/>
  <testcase classname="icivics_testcases.ArgumentsWar_Test" name="C97_Verifylearningobjectivesforanonymoususer" time="24.095"/>
  <system-out/>
  <testcase classname="icivics_testcases.ArgumentsWar_Test" name="C97_Verifylearningobjectivesforstudent" time="50.692"/>
  <system-out/>
</testsuite> <!-- icivics_testcases.ArgumentsWar_Test -->
