<?xml version="1.0" encoding="UTF-8"?>
<!-- Generated by org.testng.reporters.JUnitReportReporter -->
<testsuite hostname="AMX-AL-20-017-W" failures="0" tests="6" name="icivics_testcases.I10_EducatorRegistration_Test" time="342.634" errors="0" timestamp="2022-09-02T22:36:16 IST" skipped="0">
  <testcase classname="icivics_testcases.I10_EducatorRegistration_Test" name="C321_VerifyallpageElements" time="24.209"/>
  <system-out/>
  <testcase classname="icivics_testcases.I10_EducatorRegistration_Test" name="C322_ButtonHover" time="32.544"/>
  <system-out/>
  <testcase classname="icivics_testcases.I10_EducatorRegistration_Test" name="C323_Verifyallbuttonlinks" time="246.869"/>
  <system-out/>
  <testcase classname="icivics_testcases.I10_EducatorRegistration_Test" name="C324_WindowResize" time="17.906"/>
  <system-out/>
  <testcase classname="icivics_testcases.I10_EducatorRegistration_Test" name="C325_Verifyerrormsg" time="10.401"/>
  <system-out/>
  <testcase classname="icivics_testcases.I10_EducatorRegistration_Test" name="C326_Verifybreadcrumbs" time="10.705"/>
  <system-out/>
</testsuite> <!-- icivics_testcases.I10_EducatorRegistration_Test -->
