<?xml version="1.0" encoding="UTF-8"?>
<!-- Generated by org.testng.reporters.JUnitReportReporter -->
<testsuite hostname="AMX-AL-20-017-W" failures="0" tests="6" name="icivics_testcases.I25_StudentRegistration3_Email_Test" time="133.655" errors="0" timestamp="2022-09-01T11:32:46 IST" skipped="0">
  <testcase classname="icivics_testcases.I25_StudentRegistration3_Email_Test" name="C372_verifypagecount3" time="18.494"/>
  <system-out/>
  <testcase classname="icivics_testcases.I25_StudentRegistration3_Email_Test" name="C373_verifycheckmsgdisplay" time="18.690"/>
  <system-out/>
  <testcase classname="icivics_testcases.I25_StudentRegistration3_Email_Test" name="C374_verifycheckmsgdisplay" time="19.072"/>
  <system-out/>
  <testcase classname="icivics_testcases.I25_StudentRegistration3_Email_Test" name="C375_verifyregisteredemaildisplay" time="21.214"/>
  <system-out/>
  <testcase classname="icivics_testcases.I25_StudentRegistration3_Email_Test" name="C376_verifyresendbutton" time="26.831"/>
  <system-out/>
  <testcase classname="icivics_testcases.I25_StudentRegistration3_Email_Test" name="C377_verifyconfirmationemail" time="29.354"/>
  <system-out/>
</testsuite> <!-- icivics_testcases.I25_StudentRegistration3_Email_Test -->
