<?xml version="1.0" encoding="UTF-8"?>
<!-- Generated by org.testng.reporters.JUnitReportReporter -->
<testsuite hostname="AMX-AL-20-017-W" failures="0" tests="13" name="icivics_testcases.I23_StudentRegistration2_Email_Test" time="192.809" errors="0" timestamp="2022-09-02T22:36:16 IST" skipped="0">
  <testcase classname="icivics_testcases.I23_StudentRegistration2_Email_Test" name="C398_verifypagecount2" time="10.791"/>
  <system-out/>
  <testcase classname="icivics_testcases.I23_StudentRegistration2_Email_Test" name="C399_Clickbackbutton" time="16.947"/>
  <system-out/>
  <testcase classname="icivics_testcases.I23_StudentRegistration2_Email_Test" name="C400_verifyfieldsisremembered" time="13.929"/>
  <system-out/>
  <testcase classname="icivics_testcases.I23_StudentRegistration2_Email_Test" name="C403_clickontermsofuselink" time="25.375"/>
  <system-out/>
  <testcase classname="icivics_testcases.I23_StudentRegistration2_Email_Test" name="C404_clickprivacypolicy" time="17.881"/>
  <system-out/>
  <testcase classname="icivics_testcases.I23_StudentRegistration2_Email_Test" name="C405_verifypage2SignUpforEmailsfield" time="11.778"/>
  <system-out/>
  <testcase classname="icivics_testcases.I23_StudentRegistration2_Email_Test" name="C408_hoveronpwdfield" time="10.345"/>
  <system-out/>
  <testcase classname="icivics_testcases.I23_StudentRegistration2_Email_Test" name="C409_VerifyPasswordstrengthmeter" time="13.968"/>
  <system-out/>
  <testcase classname="icivics_testcases.I23_StudentRegistration2_Email_Test" name="C410_VerifyPasswordindicatormatch" time="10.299"/>
  <system-out/>
  <testcase classname="icivics_testcases.I23_StudentRegistration2_Email_Test" name="C412_verifyenterinvaliddata" time="13.995"/>
  <system-out/>
  <testcase classname="icivics_testcases.I23_StudentRegistration2_Email_Test" name="C412_verifytermsofuseandprivacycheckbox" time="14.942"/>
  <system-out/>
  <testcase classname="icivics_testcases.I23_StudentRegistration2_Email_Test" name="C413_verifyblankerrormsg" time="17.075"/>
  <system-out/>
  <testcase classname="icivics_testcases.I23_StudentRegistration2_Email_Test" name="C414_verifypage3loaded" time="15.484"/>
  <system-out/>
</testsuite> <!-- icivics_testcases.I23_StudentRegistration2_Email_Test -->
