<?xml version="1.0" encoding="UTF-8"?>
<!-- Generated by org.testng.reporters.JUnitReportReporter -->
<testsuite hostname="AMX-AL-20-017-W" failures="0" tests="1" name="icivics_testcases.I52_PH_MainsGamePage_Test" time="20.996" errors="0" timestamp="2022-08-29T18:33:11 IST" skipped="0">
  <testcase classname="icivics_testcases.I52_PH_MainsGamePage_Test" name="C73_Verifyregisterbuttonclick" time="20.996"/>
  <system-out/>
</testsuite> <!-- icivics_testcases.I52_PH_MainsGamePage_Test -->
