<?xml version="1.0" encoding="UTF-8"?>
<!-- Generated by org.testng.reporters.JUnitReportReporter -->
<testsuite hostname="AMX-AL-20-017-W" failures="0" tests="5" name="icivics_testcases.I40_GoogleIntegration_signon_Test" time="446.822" errors="0" timestamp="2022-09-02T22:36:16 IST" skipped="0">
  <testcase classname="icivics_testcases.I40_GoogleIntegration_signon_Test" name="C539_Verifygooglesiginpage" time="14.430"/>
  <system-out/>
  <testcase classname="icivics_testcases.I40_GoogleIntegration_signon_Test" name="C540_verifyentercredentails" time="36.807"/>
  <system-out/>
  <testcase classname="icivics_testcases.I40_GoogleIntegration_signon_Test" name="C541_verifyentercredentails2" time="206.745"/>
  <system-out/>
  <testcase classname="icivics_testcases.I40_GoogleIntegration_signon_Test" name="C542_verifyentercredentailsasstudent" time="39.000"/>
  <system-out/>
  <testcase classname="icivics_testcases.I40_GoogleIntegration_signon_Test" name="C543_verifynotregisteredaccountforstudent" time="149.840"/>
  <system-out/>
</testsuite> <!-- icivics_testcases.I40_GoogleIntegration_signon_Test -->
