<?xml version="1.0" encoding="UTF-8"?>
<!-- Generated by org.testng.reporters.JUnitReportReporter -->
<testsuite hostname="AMX-RL-20-457-W" failures="0" tests="14" name="icivics_testcases.MainsGamePage_Test" time="1655.178" errors="0" timestamp="2022-08-16T20:57:52 IST" skipped="0">
  <testcase classname="icivics_testcases.MainsGamePage_Test" name="C73_Verifymainsgamepage" time="87.370"/>
  <system-out/>
  <testcase classname="icivics_testcases.MainsGamePage_Test" name="C73_Verifyleftcarousel" time="34.218"/>
  <system-out/>
  <testcase classname="icivics_testcases.MainsGamePage_Test" name="C73_Verifyrightcarousel" time="32.337"/>
  <system-out/>
  <testcase classname="icivics_testcases.MainsGamePage_Test" name="C73_Verifycarouseldots" time="76.811"/>
  <system-out/>
  <testcase classname="icivics_testcases.MainsGamePage_Test" name="C73_Verifycarouseldots3rdpage" time="37.673"/>
  <system-out/>
  <testcase classname="icivics_testcases.MainsGamePage_Test" name="C73_Verifybannerasananonymoususer" time="35.620"/>
  <system-out/>
  <testcase classname="icivics_testcases.MainsGamePage_Test" name="C73_Verifybannerasastudentlogin" time="108.533"/>
  <system-out/>
  <testcase classname="icivics_testcases.MainsGamePage_Test" name="C73_Verifybannerasateacherlogin" time="77.786"/>
  <system-out/>
  <testcase classname="icivics_testcases.MainsGamePage_Test" name="C73_Verifyregisterbuttonclick" time="56.907"/>
  <system-out/>
  <testcase classname="icivics_testcases.MainsGamePage_Test" name="C73_VerifygamesTiles" time="83.048"/>
  <system-out/>
  <testcase classname="icivics_testcases.MainsGamePage_Test" name="C73_VerifygamesTilesclick" time="869.799"/>
  <system-out/>
  <testcase classname="icivics_testcases.MainsGamePage_Test" name="C73_Verifygreenteachertile" time="36.496"/>
  <system-out/>
  <testcase classname="icivics_testcases.MainsGamePage_Test" name="C73_Verifyteachbutton" time="59.891"/>
  <system-out/>
  <testcase classname="icivics_testcases.MainsGamePage_Test" name="C73_Verifygetstartedbutton" time="58.689"/>
  <system-out/>
</testsuite> <!-- icivics_testcases.MainsGamePage_Test -->
