<?xml version="1.0" encoding="UTF-8"?>
<!-- Generated by org.testng.reporters.JUnitReportReporter -->
<testsuite hostname="AMX-AL-20-017-W" failures="0" tests="11" name="icivics_testcases.I11_EducatorRegistration1_Test" time="165.498" errors="0" timestamp="2022-09-02T22:36:16 IST" skipped="0">
  <testcase classname="icivics_testcases.I11_EducatorRegistration1_Test" name="C327_verifybreadcrumbspage1" time="6.585"/>
  <system-out/>
  <testcase classname="icivics_testcases.I11_EducatorRegistration1_Test" name="C328_verifytextfields" time="8.298"/>
  <system-out/>
  <testcase classname="icivics_testcases.I11_EducatorRegistration1_Test" name="C329_verifyusernamepregenerated" time="13.056"/>
  <system-out/>
  <testcase classname="icivics_testcases.I11_EducatorRegistration1_Test" name="C330_verifyusernamepregeneratedrandomly" time="20.492"/>
  <system-out/>
  <testcase classname="icivics_testcases.I11_EducatorRegistration1_Test" name="C331_verifyentertextinallfields" time="8.056"/>
  <system-out/>
  <testcase classname="icivics_testcases.I11_EducatorRegistration1_Test" name="C332_verifyfieldsmarkedwithanasterisk" time="6.868"/>
  <system-out/>
  <testcase classname="icivics_testcases.I11_EducatorRegistration1_Test" name="C333_verifyemailtooltips" time="7.211"/>
  <system-out/>
  <testcase classname="icivics_testcases.I11_EducatorRegistration1_Test" name="C334_verifyemailerrormsg" time="14.276"/>
  <system-out/>
  <testcase classname="icivics_testcases.I11_EducatorRegistration1_Test" name="C335_verifyblankerrormsg" time="51.002"/>
  <system-out/>
  <testcase classname="icivics_testcases.I11_EducatorRegistration1_Test" name="C336_verifyinvaliderrormsg" time="13.609"/>
  <system-out/>
  <testcase classname="icivics_testcases.I11_EducatorRegistration1_Test" name="C337_verifyvalidregistration" time="16.045"/>
  <system-out/>
</testsuite> <!-- icivics_testcases.I11_EducatorRegistration1_Test -->
