<?xml version="1.0" encoding="UTF-8"?>
<!-- Generated by org.testng.reporters.JUnitReportReporter -->
<testsuite hostname="AMX-RL-20-457-W" failures="0" tests="1" name="icivics_testcases.ArgumentsWar_Test" time="59.924" errors="0" timestamp="2022-08-10T20:02:43 IST" skipped="0">
  <testcase classname="icivics_testcases.ArgumentsWar_Test" name="C94_Verifyextensionpackclick" time="59.924"/>
  <system-out/>
</testsuite> <!-- icivics_testcases.ArgumentsWar_Test -->
