<?xml version="1.0" encoding="UTF-8"?>
<!-- Generated by org.testng.reporters.JUnitReportReporter -->
<testsuite hostname="AMX-AL-20-017-W" failures="0" tests="1" name="icivics_testcases.I50_PH_ArgumentsWar_Test" time="91.004" errors="0" timestamp="2022-08-30T11:39:02 IST" skipped="0">
  <testcase classname="icivics_testcases.I50_PH_ArgumentsWar_Test" name="C88_Verifyassignform" time="91.004"/>
  <system-out/>
</testsuite> <!-- icivics_testcases.I50_PH_ArgumentsWar_Test -->
