<?xml version="1.0" encoding="UTF-8"?>
<!-- Generated by org.testng.reporters.JUnitReportReporter -->
<testsuite hostname="AMX-AL-20-017-W" failures="0" tests="8" name="icivics_testcases.I43_GoogleIntegration_Pg2TeacherRegistration_Test" time="483.892" errors="0" timestamp="2022-09-02T22:36:16 IST" skipped="1">
  <testcase classname="icivics_testcases.I43_GoogleIntegration_Pg2TeacherRegistration_Test" name="C545_VerifyTeacherregistrationpage1" time="57.287"/>
  <system-out/>
  <testcase classname="icivics_testcases.I43_GoogleIntegration_Pg2TeacherRegistration_Test" name="C546_Verifypage2fields" time="62.353"/>
  <system-out/>
  <testcase classname="icivics_testcases.I43_GoogleIntegration_Pg2TeacherRegistration_Test" name="C546_Verifybackbutton" time="55.999"/>
  <system-out/>
  <testcase classname="icivics_testcases.I43_GoogleIntegration_Pg2TeacherRegistration_Test" name="C547_Verifyfieldselection" time="92.584"/>
  <system-out/>
  <testcase classname="icivics_testcases.I43_GoogleIntegration_Pg2TeacherRegistration_Test" name="C548_Verifyfieldswithinvaliddata" time="21.400">
    <skipped/>
  </testcase> <!-- C548_Verifyfieldswithinvaliddata -->
  <system-out/>
  <testcase classname="icivics_testcases.I43_GoogleIntegration_Pg2TeacherRegistration_Test" name="C548_Verifyfieldswithinvaliddata" time="66.371"/>
  <system-out/>
  <testcase classname="icivics_testcases.I43_GoogleIntegration_Pg2TeacherRegistration_Test" name="C549_Verifyfieldswithinvaliddata" time="57.998"/>
  <system-out/>
  <testcase classname="icivics_testcases.I43_GoogleIntegration_Pg2TeacherRegistration_Test" name="C550_Verifyfieldswithvaliddata" time="69.900"/>
  <system-out/>
</testsuite> <!-- icivics_testcases.I43_GoogleIntegration_Pg2TeacherRegistration_Test -->
