<?xml version="1.0" encoding="UTF-8"?>
<!-- Generated by org.testng.reporters.JUnitReportReporter -->
<testsuite hostname="AMX-AL-20-017-W" failures="0" tests="4" name="icivics_testcases.I35_HomePage_4HeaderAbout_Test" time="103.023" errors="0" timestamp="2022-09-02T22:36:16 IST" skipped="0">
  <testcase classname="icivics_testcases.I35_HomePage_4HeaderAbout_Test" name="C22_Verifyaboutsubmenu" time="16.812"/>
  <system-out/>
  <testcase classname="icivics_testcases.I35_HomePage_4HeaderAbout_Test" name="C23_Verifysubmenucount" time="9.214"/>
  <system-out/>
  <testcase classname="icivics_testcases.I35_HomePage_4HeaderAbout_Test" name="C24_VerifysubmenuElement" time="66.135"/>
  <system-out/>
  <testcase classname="icivics_testcases.I35_HomePage_4HeaderAbout_Test" name="C27_Verifyclickaboutbuttonagain" time="10.862"/>
  <system-out/>
</testsuite> <!-- icivics_testcases.I35_HomePage_4HeaderAbout_Test -->
