<?xml version="1.0" encoding="UTF-8"?>
<!-- Generated by org.testng.reporters.JUnitReportReporter -->
<testsuite hostname="AMX-RL-20-348-W" failures="0" tests="1" name="icivics_testcases.I52_PH_MainsGamePage_Test" time="73.335" errors="0" timestamp="2022-08-26T21:50:45 IST" skipped="0">
  <testcase classname="icivics_testcases.I52_PH_MainsGamePage_Test" name="C73_Verifycarouseldots" time="73.335"/>
  <system-out/>
</testsuite> <!-- icivics_testcases.I52_PH_MainsGamePage_Test -->
