<?xml version="1.0" encoding="UTF-8"?>
<!-- Generated by org.testng.reporters.JUnitReportReporter -->
<testsuite hostname="AMX-AL-20-017-W" failures="0" tests="6" name="icivics_testcases.I15_EducatorRegistration5_Test" time="194.613" errors="0" timestamp="2022-09-01T11:32:46 IST" skipped="0">
  <testcase classname="icivics_testcases.I15_EducatorRegistration5_Test" name="C372_verifybreadcrumbspage5" time="31.003"/>
  <system-out/>
  <testcase classname="icivics_testcases.I15_EducatorRegistration5_Test" name="C373_verifywelcomemessage" time="35.152"/>
  <system-out/>
  <testcase classname="icivics_testcases.I15_EducatorRegistration5_Test" name="C374_verifyconfirmationemail" time="29.641"/>
  <system-out/>
  <testcase classname="icivics_testcases.I15_EducatorRegistration5_Test" name="C375_verifyconfirmationemail" time="27.393"/>
  <system-out/>
  <testcase classname="icivics_testcases.I15_EducatorRegistration5_Test" name="C376_verifyresendbutton" time="36.110"/>
  <system-out/>
  <testcase classname="icivics_testcases.I15_EducatorRegistration5_Test" name="C377_verifynotification" time="35.314"/>
  <system-out/>
</testsuite> <!-- icivics_testcases.I15_EducatorRegistration5_Test -->
