<?xml version="1.0" encoding="UTF-8"?>
<!-- Generated by org.testng.reporters.JUnitReportReporter -->
<testsuite hostname="AMX-AL-20-017-W" failures="0" tests="6" name="icivics_testcases.I31_HomePage_1TeacherHeader_Test" time="399.828" errors="0" timestamp="2022-09-02T22:36:16 IST" skipped="0">
  <testcase classname="icivics_testcases.I31_HomePage_1TeacherHeader_Test" name="C3_Verifyheaderbuttonsforanonymoususer" time="15.712"/>
  <system-out/>
  <testcase classname="icivics_testcases.I31_HomePage_1TeacherHeader_Test" name="C3_Verifyheaderbuttonsforauthenticateduser" time="14.658"/>
  <system-out/>
  <testcase classname="icivics_testcases.I31_HomePage_1TeacherHeader_Test" name="C4_Verifyheaderelemets" time="176.263"/>
  <system-out/>
  <testcase classname="icivics_testcases.I31_HomePage_1TeacherHeader_Test" name="C6_Verifyheaderbuttonhoverforanonymoususer" time="81.537"/>
  <system-out/>
  <testcase classname="icivics_testcases.I31_HomePage_1TeacherHeader_Test" name="C6_verifyaheaderbuttonhoverforauthenticateduser" time="76.132"/>
  <system-out/>
  <testcase classname="icivics_testcases.I31_HomePage_1TeacherHeader_Test" name="C7_verifyresizeheaderintohamburger" time="35.526"/>
  <system-out/>
</testsuite> <!-- icivics_testcases.I31_HomePage_1TeacherHeader_Test -->
