<?xml version="1.0" encoding="UTF-8"?>
<!-- Generated by org.testng.reporters.JUnitReportReporter -->
<testsuite hostname="AMX-AL-20-017-W" failures="0" tests="11" name="icivics_testcases.I20_StudentRegistration1_ClassCode_Test" time="202.843" errors="0" timestamp="2022-09-02T22:36:16 IST" skipped="0">
  <testcase classname="icivics_testcases.I20_StudentRegistration1_ClassCode_Test" name="C425_verifyemailfieldsappear" time="8.426"/>
  <system-out/>
  <testcase classname="icivics_testcases.I20_StudentRegistration1_ClassCode_Test" name="C426_verifyemailtooltips" time="7.789"/>
  <system-out/>
  <testcase classname="icivics_testcases.I20_StudentRegistration1_ClassCode_Test" name="C427_verifyemailfieldsdisappear" time="24.250"/>
  <system-out/>
  <testcase classname="icivics_testcases.I20_StudentRegistration1_ClassCode_Test" name="C428_verifyusernamepregenerated" time="12.208"/>
  <system-out/>
  <testcase classname="icivics_testcases.I20_StudentRegistration1_ClassCode_Test" name="C429_usernamegeneratedrandomly" time="19.321"/>
  <system-out/>
  <testcase classname="icivics_testcases.I20_StudentRegistration1_ClassCode_Test" name="C430_verifyregistrationwithvaliddata" time="13.992"/>
  <system-out/>
  <testcase classname="icivics_testcases.I20_StudentRegistration1_ClassCode_Test" name="C431_verifyAsteriks" time="8.917"/>
  <system-out/>
  <testcase classname="icivics_testcases.I20_StudentRegistration1_ClassCode_Test" name="C432_verifyinvaliderrormsg" time="16.824"/>
  <system-out/>
  <testcase classname="icivics_testcases.I20_StudentRegistration1_ClassCode_Test" name="C433_verifyerrormsgverifyemailblankfield" time="58.620"/>
  <system-out/>
  <testcase classname="icivics_testcases.I20_StudentRegistration1_ClassCode_Test" name="C434_verifyinvaliderrormsg2" time="14.012"/>
  <system-out/>
  <testcase classname="icivics_testcases.I20_StudentRegistration1_ClassCode_Test" name="C435_verifyregistrationwithvalidvalue" time="18.484"/>
  <system-out/>
</testsuite> <!-- icivics_testcases.I20_StudentRegistration1_ClassCode_Test -->
