<?xml version="1.0" encoding="UTF-8"?>
<!-- Generated by org.testng.reporters.JUnitReportReporter -->
<testsuite hostname="AMX-AL-20-017-W" failures="0" tests="4" name="icivics_testcases.I41_GoogleIntegration_Registration_Test" time="148.723" errors="0" timestamp="2022-09-02T22:36:16 IST" skipped="0">
  <testcase classname="icivics_testcases.I41_GoogleIntegration_Registration_Test" name="C544_Verifyeducatorregistrationpage1" time="47.545"/>
  <system-out/>
  <testcase classname="icivics_testcases.I41_GoogleIntegration_Registration_Test" name="C545_Verifyregistrationwithoutsignin" time="7.695"/>
  <system-out/>
  <testcase classname="icivics_testcases.I41_GoogleIntegration_Registration_Test" name="C546_Verifyregistrationwithalreadyregisteredid" time="45.795"/>
  <system-out/>
  <testcase classname="icivics_testcases.I41_GoogleIntegration_Registration_Test" name="C544_Verifystudentregistrationpage1" time="47.688"/>
  <system-out/>
</testsuite> <!-- icivics_testcases.I41_GoogleIntegration_Registration_Test -->
