<?xml version="1.0" encoding="UTF-8"?>
<!-- Generated by org.testng.reporters.JUnitReportReporter -->
<testsuite hostname="AMX-RL-20-348-W" failures="0" tests="1" name="icivics_testcases.I51_PlayHub_MainsGamePage_Test" time="50.107" errors="0" timestamp="2022-09-01T01:04:31 IST" skipped="0">
  <testcase classname="icivics_testcases.I51_PlayHub_MainsGamePage_Test" name="C73_Verifygetstartedbutton" time="50.107"/>
  <system-out/>
</testsuite> <!-- icivics_testcases.I51_PlayHub_MainsGamePage_Test -->
