<?xml version="1.0" encoding="UTF-8"?>
<!-- Generated by org.testng.reporters.JUnitReportReporter -->
<testsuite hostname="AMX-AL-20-017-W" failures="0" tests="8" name="icivics_testcases.I44_GoogleIntegration_Pg3TeacherRegistration_Test" time="1008.838" errors="0" timestamp="2022-09-02T22:36:16 IST" skipped="0">
  <testcase classname="icivics_testcases.I44_GoogleIntegration_Pg3TeacherRegistration_Test" name="C551_Verifypagecount3" time="75.842"/>
  <system-out/>
  <testcase classname="icivics_testcases.I44_GoogleIntegration_Pg3TeacherRegistration_Test" name="C552_Verifypage3fields" time="79.681"/>
  <system-out/>
  <testcase classname="icivics_testcases.I44_GoogleIntegration_Pg3TeacherRegistration_Test" name="C553_Verifybackbutton" time="82.433"/>
  <system-out/>
  <testcase classname="icivics_testcases.I44_GoogleIntegration_Pg3TeacherRegistration_Test" name="C554_Verifygettingstartedpagewithemailcheck1" time="74.491"/>
  <system-out/>
  <testcase classname="icivics_testcases.I44_GoogleIntegration_Pg3TeacherRegistration_Test" name="C555_Verifygettingstartedpagewithemailcheck" time="92.595"/>
  <system-out/>
  <testcase classname="icivics_testcases.I44_GoogleIntegration_Pg3TeacherRegistration_Test" name="C555_Verifygettingstartedpagewithemailuncheck" time="195.227"/>
  <system-out/>
  <testcase classname="icivics_testcases.I44_GoogleIntegration_Pg3TeacherRegistration_Test" name="C556_Verifysynccheckboxwithemailcheck" time="201.312"/>
  <system-out/>
  <testcase classname="icivics_testcases.I44_GoogleIntegration_Pg3TeacherRegistration_Test" name="C556_Verifysynccheckboxwithemailuncheck" time="207.257"/>
  <system-out/>
</testsuite> <!-- icivics_testcases.I44_GoogleIntegration_Pg3TeacherRegistration_Test -->
