<?xml version="1.0" encoding="UTF-8"?>
<!-- Generated by org.testng.reporters.JUnitReportReporter -->
<testsuite hostname="AMX-AL-20-017-W" failures="0" tests="5" name="icivics_testcases.I32_HomePage_2Headerplay_Test" time="565.508" errors="0" timestamp="2022-09-02T22:36:16 IST" skipped="0">
  <testcase classname="icivics_testcases.I32_HomePage_2Headerplay_Test" name="C8_Verifyplaysubmenu" time="8.792"/>
  <system-out/>
  <testcase classname="icivics_testcases.I32_HomePage_2Headerplay_Test" name="C9_Verifyplaybuttonlist" time="14.603"/>
  <system-out/>
  <testcase classname="icivics_testcases.I32_HomePage_2Headerplay_Test" name="C10_Verifyplaybuttonelements" time="214.183"/>
  <system-out/>
  <testcase classname="icivics_testcases.I32_HomePage_2Headerplay_Test" name="C12_Verifypageisunderlined" time="317.597"/>
  <system-out/>
  <testcase classname="icivics_testcases.I32_HomePage_2Headerplay_Test" name="C13_Verifyclickonplaybuttonagain" time="10.333"/>
  <system-out/>
</testsuite> <!-- icivics_testcases.I32_HomePage_2Headerplay_Test -->
