<?xml version="1.0" encoding="UTF-8"?>
<!-- Generated by org.testng.reporters.JUnitReportReporter -->
<testsuite hostname="AMX-AL-20-017-W" failures="0" tests="1" name="icivics_testcases.I52_PlayHub_Gameload_Test" time="1168.453" errors="0" timestamp="2022-09-02T23:33:55 IST" skipped="0">
  <testcase classname="icivics_testcases.I52_PlayHub_Gameload_Test" name="C83_Verifymainsgamepage" time="1168.453"/>
  <system-out/>
</testsuite> <!-- icivics_testcases.I52_PlayHub_Gameload_Test -->
