<?xml version="1.0" encoding="UTF-8"?>
<!-- Generated by org.testng.reporters.JUnitReportReporter -->
<testsuite hostname="AMX-AL-20-017-W" failures="0" tests="6" name="icivics_testcases.I10_EducatorRegistration_Test" time="381.329" errors="0" timestamp="2022-09-01T11:32:46 IST" skipped="0">
  <testcase classname="icivics_testcases.I10_EducatorRegistration_Test" name="C321_VerifyallpageElements" time="24.254"/>
  <system-out/>
  <testcase classname="icivics_testcases.I10_EducatorRegistration_Test" name="C322_ButtonHover" time="31.879"/>
  <system-out/>
  <testcase classname="icivics_testcases.I10_EducatorRegistration_Test" name="C323_Verifyallbuttonlinks" time="285.787"/>
  <system-out/>
  <testcase classname="icivics_testcases.I10_EducatorRegistration_Test" name="C324_WindowResize" time="17.054"/>
  <system-out/>
  <testcase classname="icivics_testcases.I10_EducatorRegistration_Test" name="C325_Verifyerrormsg" time="13.192"/>
  <system-out/>
  <testcase classname="icivics_testcases.I10_EducatorRegistration_Test" name="C326_Verifybreadcrumbs" time="9.163"/>
  <system-out/>
</testsuite> <!-- icivics_testcases.I10_EducatorRegistration_Test -->
