<?xml version="1.0" encoding="UTF-8"?>
<!-- Generated by org.testng.reporters.JUnitReportReporter -->
<testsuite hostname="AMX-AL-20-017-W" failures="0" tests="4" name="icivics_testcases.I33_HomePage_3HeaderTeach_Test" time="73.249" errors="0" timestamp="2022-09-02T22:36:16 IST" skipped="0">
  <testcase classname="icivics_testcases.I33_HomePage_3HeaderTeach_Test" name="C15_Verifyteachsubmenu" time="6.810"/>
  <system-out/>
  <testcase classname="icivics_testcases.I33_HomePage_3HeaderTeach_Test" name="C16_Verifysubmenucount" time="7.716"/>
  <system-out/>
  <testcase classname="icivics_testcases.I33_HomePage_3HeaderTeach_Test" name="C17_Verifyteachbuttonelements" time="50.898"/>
  <system-out/>
  <testcase classname="icivics_testcases.I33_HomePage_3HeaderTeach_Test" name="C20_verifyclickteachbuttonagain" time="7.825"/>
  <system-out/>
</testsuite> <!-- icivics_testcases.I33_HomePage_3HeaderTeach_Test -->
