<?xml version="1.0" encoding="UTF-8"?>
<!-- Generated by org.testng.reporters.JUnitReportReporter -->
<testsuite hostname="AMX-RL-20-457-W" failures="0" tests="1" name="icivics_testcases.Gameload_Test" time="61.475" errors="0" timestamp="2022-08-11T15:03:39 IST" skipped="0">
  <testcase classname="icivics_testcases.Gameload_Test" name="C73_Verifymainsgamepage" time="61.475"/>
  <system-out/>
</testsuite> <!-- icivics_testcases.Gameload_Test -->
