<?xml version="1.0" encoding="UTF-8"?>
<!-- Generated by org.testng.reporters.JUnitReportReporter -->
<testsuite hostname="AMX-RL-20-348-W" failures="0" tests="1" name="icivics_testcases.I50_PlayHub_Individual_Game_ArgumentsWar_Test" time="104.378" errors="0" timestamp="2022-09-01T17:52:00 IST" skipped="0">
  <testcase classname="icivics_testcases.I50_PlayHub_Individual_Game_ArgumentsWar_Test" name="C93_Verifyextensionpack" time="104.378"/>
  <system-out/>
</testsuite> <!-- icivics_testcases.I50_PlayHub_Individual_Game_ArgumentsWar_Test -->
