<?xml version="1.0" encoding="UTF-8"?>
<!-- Generated by org.testng.reporters.JUnitReportReporter -->
<testsuite hostname="AMX-AL-20-017-W" failures="0" tests="6" name="icivics_testcases.I15_EducatorRegistration5_Test" time="201.020" errors="0" timestamp="2022-09-02T22:36:16 IST" skipped="0">
  <testcase classname="icivics_testcases.I15_EducatorRegistration5_Test" name="C372_verifybreadcrumbspage5" time="34.957"/>
  <system-out/>
  <testcase classname="icivics_testcases.I15_EducatorRegistration5_Test" name="C373_verifywelcomemessage" time="29.078"/>
  <system-out/>
  <testcase classname="icivics_testcases.I15_EducatorRegistration5_Test" name="C374_verifyconfirmationemail" time="29.365"/>
  <system-out/>
  <testcase classname="icivics_testcases.I15_EducatorRegistration5_Test" name="C375_verifyconfirmationemail" time="33.921"/>
  <system-out/>
  <testcase classname="icivics_testcases.I15_EducatorRegistration5_Test" name="C376_verifyresendbutton" time="36.032"/>
  <system-out/>
  <testcase classname="icivics_testcases.I15_EducatorRegistration5_Test" name="C377_verifynotification" time="37.667"/>
  <system-out/>
</testsuite> <!-- icivics_testcases.I15_EducatorRegistration5_Test -->
