<?xml version="1.0" encoding="UTF-8"?>
<!-- Generated by org.testng.reporters.JUnitReportReporter -->
<testsuite hostname="AMX-AL-20-017-W" failures="0" tests="10" name="icivics_testcases.I12_EducatorRegistration2_Test" time="200.632" errors="0" timestamp="2022-09-02T22:36:16 IST" skipped="0">
  <testcase classname="icivics_testcases.I12_EducatorRegistration2_Test" name="C338_verifybreadcrumbspage1" time="11.335"/>
  <system-out/>
  <testcase classname="icivics_testcases.I12_EducatorRegistration2_Test" name="C339_verifypreviouspage" time="13.955"/>
  <system-out/>
  <testcase classname="icivics_testcases.I12_EducatorRegistration2_Test" name="C340_verifyalldataremembered" time="17.793"/>
  <system-out/>
  <testcase classname="icivics_testcases.I12_EducatorRegistration2_Test" name="C341_verifyRoleandGradeLevel" time="22.345"/>
  <system-out/>
  <testcase classname="icivics_testcases.I12_EducatorRegistration2_Test" name="C342_verifymakeselection" time="23.502"/>
  <system-out/>
  <testcase classname="icivics_testcases.I12_EducatorRegistration2_Test" name="C343_verifyotheradditionalfield" time="13.891"/>
  <system-out/>
  <testcase classname="icivics_testcases.I12_EducatorRegistration2_Test" name="C344_verifyasterisk" time="11.801"/>
  <system-out/>
  <testcase classname="icivics_testcases.I12_EducatorRegistration2_Test" name="C345_verifyblankerrormsg" time="50.288"/>
  <system-out/>
  <testcase classname="icivics_testcases.I12_EducatorRegistration2_Test" name="C346_verifyerrormsgboxcolor" time="13.472"/>
  <system-out/>
  <testcase classname="icivics_testcases.I12_EducatorRegistration2_Test" name="C347_verifyvalidsubmission" time="22.250"/>
  <system-out/>
</testsuite> <!-- icivics_testcases.I12_EducatorRegistration2_Test -->
