<?xml version="1.0" encoding="UTF-8"?>
<!-- Generated by org.testng.reporters.JUnitReportReporter -->
<testsuite hostname="AMX-AL-20-017-W" failures="0" tests="9" name="icivics_testcases.I37_HomePage_5HeaderSigninMisc_Test" time="133.933" errors="0" timestamp="2022-09-01T11:32:46 IST" skipped="0">
  <testcase classname="icivics_testcases.I37_HomePage_5HeaderSigninMisc_Test" name="C29_Verifydonatebutton" time="6.751"/>
  <system-out/>
  <testcase classname="icivics_testcases.I37_HomePage_5HeaderSigninMisc_Test" name="C30_Verifydonatebuttonclick" time="18.488"/>
  <system-out/>
  <testcase classname="icivics_testcases.I37_HomePage_5HeaderSigninMisc_Test" name="C31_Verifyshopbutton" time="6.978"/>
  <system-out/>
  <testcase classname="icivics_testcases.I37_HomePage_5HeaderSigninMisc_Test" name="C32_Verifyshopbuttonclick" time="10.067"/>
  <system-out/>
  <testcase classname="icivics_testcases.I37_HomePage_5HeaderSigninMisc_Test" name="C33_Verifysigninbuttonforanonymoususer" time="6.975"/>
  <system-out/>
  <testcase classname="icivics_testcases.I37_HomePage_5HeaderSigninMisc_Test" name="C37_Verifysigninbuttonsubmenu" time="10.160"/>
  <system-out/>
  <testcase classname="icivics_testcases.I37_HomePage_5HeaderSigninMisc_Test" name="C38_Verifysigninbuttonsubmenu" time="18.453"/>
  <system-out/>
  <testcase classname="icivics_testcases.I37_HomePage_5HeaderSigninMisc_Test" name="C41_Verifysubmenuoptionisunderlined" time="46.071"/>
  <system-out/>
  <testcase classname="icivics_testcases.I37_HomePage_5HeaderSigninMisc_Test" name="C42_Verifysubmenuoptionisunderlined" time="9.990"/>
  <system-out/>
</testsuite> <!-- icivics_testcases.I37_HomePage_5HeaderSigninMisc_Test -->
