<?xml version="1.0" encoding="UTF-8"?>
<!-- Generated by org.testng.reporters.JUnitReportReporter -->
<testsuite hostname="AMX-AL-20-017-W" failures="0" tests="1" name="icivics_testcases.I34_HomePage_3Headerteach2_Test" time="78.584" errors="0" timestamp="2022-09-02T22:36:16 IST" skipped="0">
  <testcase classname="icivics_testcases.I34_HomePage_3Headerteach2_Test" name="C19_Verifyteachsubmenu" time="78.584"/>
  <system-out/>
</testsuite> <!-- icivics_testcases.I34_HomePage_3Headerteach2_Test -->
