<?xml version="1.0" encoding="UTF-8"?>
<!-- Generated by org.testng.reporters.JUnitReportReporter -->
<testsuite hostname="AMX-AL-20-017-W" failures="0" tests="11" name="icivics_testcases.I20_StudentRegistration1_ClassCode_Test" time="213.062" errors="0" timestamp="2022-09-01T11:32:46 IST" skipped="0">
  <testcase classname="icivics_testcases.I20_StudentRegistration1_ClassCode_Test" name="C425_verifyemailfieldsappear" time="10.286"/>
  <system-out/>
  <testcase classname="icivics_testcases.I20_StudentRegistration1_ClassCode_Test" name="C426_verifyemailtooltips" time="9.298"/>
  <system-out/>
  <testcase classname="icivics_testcases.I20_StudentRegistration1_ClassCode_Test" name="C427_verifyemailfieldsdisappear" time="25.745"/>
  <system-out/>
  <testcase classname="icivics_testcases.I20_StudentRegistration1_ClassCode_Test" name="C428_verifyusernamepregenerated" time="11.783"/>
  <system-out/>
  <testcase classname="icivics_testcases.I20_StudentRegistration1_ClassCode_Test" name="C429_usernamegeneratedrandomly" time="18.378"/>
  <system-out/>
  <testcase classname="icivics_testcases.I20_StudentRegistration1_ClassCode_Test" name="C430_verifyregistrationwithvaliddata" time="15.786"/>
  <system-out/>
  <testcase classname="icivics_testcases.I20_StudentRegistration1_ClassCode_Test" name="C431_verifyAsteriks" time="9.335"/>
  <system-out/>
  <testcase classname="icivics_testcases.I20_StudentRegistration1_ClassCode_Test" name="C432_verifyinvaliderrormsg" time="17.070"/>
  <system-out/>
  <testcase classname="icivics_testcases.I20_StudentRegistration1_ClassCode_Test" name="C433_verifyerrormsgverifyemailblankfield" time="62.777"/>
  <system-out/>
  <testcase classname="icivics_testcases.I20_StudentRegistration1_ClassCode_Test" name="C434_verifyinvaliderrormsg2" time="14.518"/>
  <system-out/>
  <testcase classname="icivics_testcases.I20_StudentRegistration1_ClassCode_Test" name="C435_verifyregistrationwithvalidvalue" time="18.086"/>
  <system-out/>
</testsuite> <!-- icivics_testcases.I20_StudentRegistration1_ClassCode_Test -->
