<?xml version="1.0" encoding="UTF-8"?>
<!-- Generated by org.testng.reporters.JUnitReportReporter -->
<testsuite hostname="AMX-RL-20-348-W" failures="0" tests="5" name="icivics_testcases.I32_HP_2Headerplay_Test" time="721.227" errors="0" timestamp="2022-08-03T00:06:58 IST" skipped="0">
  <testcase classname="icivics_testcases.I32_HP_2Headerplay_Test" name="C8_Verifyplaysubmenu" time="5.452"/>
  <system-out/>
  <testcase classname="icivics_testcases.I32_HP_2Headerplay_Test" name="C9_Verifyplaybuttonlist" time="9.082"/>
  <system-out/>
  <testcase classname="icivics_testcases.I32_HP_2Headerplay_Test" name="C10_Verifyplaybuttonelements" time="356.553"/>
  <system-out/>
  <testcase classname="icivics_testcases.I32_HP_2Headerplay_Test" name="C12_Verifypageisunderlined" time="322.828"/>
  <system-out/>
  <testcase classname="icivics_testcases.I32_HP_2Headerplay_Test" name="C13_Verifyclickonplaybuttonagain" time="27.312"/>
  <system-out/>
</testsuite> <!-- icivics_testcases.I32_HP_2Headerplay_Test -->
