<?xml version="1.0" encoding="UTF-8"?>
<!-- Generated by org.testng.reporters.JUnitReportReporter -->
<testsuite hostname="AMX-AL-20-017-W" failures="0" tests="14" name="icivics_testcases.I14_EducatorRegistration4_Test" time="382.501" errors="0" timestamp="2022-09-02T22:36:16 IST" skipped="0">
  <testcase classname="icivics_testcases.I14_EducatorRegistration4_Test" name="C358_verifybreadcrumbspage4" time="24.902"/>
  <system-out/>
  <testcase classname="icivics_testcases.I14_EducatorRegistration4_Test" name="C359_verifypreviouspage" time="30.138"/>
  <system-out/>
  <testcase classname="icivics_testcases.I14_EducatorRegistration4_Test" name="C360_verifyalldataremembered" time="31.210"/>
  <system-out/>
  <testcase classname="icivics_testcases.I14_EducatorRegistration4_Test" name="C361_verifyallpage3fields" time="25.912"/>
  <system-out/>
  <testcase classname="icivics_testcases.I14_EducatorRegistration4_Test" name="C362_verifySignUpischecked" time="23.223"/>
  <system-out/>
  <testcase classname="icivics_testcases.I14_EducatorRegistration4_Test" name="C363_verifyallpage4fields" time="38.858"/>
  <system-out/>
  <testcase classname="icivics_testcases.I14_EducatorRegistration4_Test" name="C364_verifyallfieldasterisk" time="23.603"/>
  <system-out/>
  <testcase classname="icivics_testcases.I14_EducatorRegistration4_Test" name="C365_verifypasswordtooltips" time="23.633"/>
  <system-out/>
  <testcase classname="icivics_testcases.I14_EducatorRegistration4_Test" name="C366_verifypasswordstrengthIndicator" time="23.273"/>
  <system-out/>
  <testcase classname="icivics_testcases.I14_EducatorRegistration4_Test" name="C367_verifypasswordIndicatormatch" time="24.585"/>
  <system-out/>
  <testcase classname="icivics_testcases.I14_EducatorRegistration4_Test" name="C368_verifyallfieldswithinvaliddata" time="31.353"/>
  <system-out/>
  <testcase classname="icivics_testcases.I14_EducatorRegistration4_Test" name="C369_verifyallfieldswithblankdata" time="23.742"/>
  <system-out/>
  <testcase classname="icivics_testcases.I14_EducatorRegistration4_Test" name="C370_verifyallfieldswithblankandinvaliddata" time="29.731"/>
  <system-out/>
  <testcase classname="icivics_testcases.I14_EducatorRegistration4_Test" name="C371_verifyvalidsubmission" time="28.338"/>
  <system-out/>
</testsuite> <!-- icivics_testcases.I14_EducatorRegistration4_Test -->
