<?xml version="1.0" encoding="UTF-8"?>
<!-- Generated by org.testng.reporters.JUnitReportReporter -->
<testsuite hostname="AMX-AL-20-017-W" failures="0" tests="12" name="icivics_testcases.I36_HomePage_5HeaderMyicivicsMisc_Test" time="258.495" errors="0" timestamp="2022-09-02T22:36:16 IST" skipped="0">
  <testcase classname="icivics_testcases.I36_HomePage_5HeaderMyicivicsMisc_Test" name="C29_Verifydonatebutton" time="14.762"/>
  <system-out/>
  <testcase classname="icivics_testcases.I36_HomePage_5HeaderMyicivicsMisc_Test" name="C30_Verifydonatebuttonclick" time="24.010"/>
  <system-out/>
  <testcase classname="icivics_testcases.I36_HomePage_5HeaderMyicivicsMisc_Test" name="C31_Verifyshopbutton" time="16.479"/>
  <system-out/>
  <testcase classname="icivics_testcases.I36_HomePage_5HeaderMyicivicsMisc_Test" name="C32_Verifyshopbuttonclick" time="17.229"/>
  <system-out/>
  <testcase classname="icivics_testcases.I36_HomePage_5HeaderMyicivicsMisc_Test" name="C34_VerifyIcivicsbutton" time="17.811"/>
  <system-out/>
  <testcase classname="icivics_testcases.I36_HomePage_5HeaderMyicivicsMisc_Test" name="C35_Verifytheavatar" time="16.642"/>
  <system-out/>
  <testcase classname="icivics_testcases.I36_HomePage_5HeaderMyicivicsMisc_Test" name="C35_Verifythenoavatar" time="18.692"/>
  <system-out/>
  <testcase classname="icivics_testcases.I36_HomePage_5HeaderMyicivicsMisc_Test" name="C36_VerifyIcivicssubmenu" time="14.540"/>
  <system-out/>
  <testcase classname="icivics_testcases.I36_HomePage_5HeaderMyicivicsMisc_Test" name="C37_VerifyIcivicssubmenu" time="16.133"/>
  <system-out/>
  <testcase classname="icivics_testcases.I36_HomePage_5HeaderMyicivicsMisc_Test" name="C39_Myicivicsbuttonelementsverification" time="30.634"/>
  <system-out/>
  <testcase classname="icivics_testcases.I36_HomePage_5HeaderMyicivicsMisc_Test" name="C41_verifyselectpageisunderlined" time="53.955"/>
  <system-out/>
  <testcase classname="icivics_testcases.I36_HomePage_5HeaderMyicivicsMisc_Test" name="C42_Verifymyicivicsbuttonsubmenuclose" time="17.608"/>
  <system-out/>
</testsuite> <!-- icivics_testcases.I36_HomePage_5HeaderMyicivicsMisc_Test -->
