<?xml version="1.0" encoding="UTF-8"?>
<!-- Generated by org.testng.reporters.JUnitReportReporter -->
<testsuite hostname="AMX-AL-20-017-W" failures="0" tests="13" name="icivics_testcases.I22_StudentRegistration2_ClassCode_Test" time="235.980" errors="0" timestamp="2022-09-01T11:32:46 IST" skipped="0">
  <testcase classname="icivics_testcases.I22_StudentRegistration2_ClassCode_Test" name="C398_verifypagecount2" time="12.202"/>
  <system-out/>
  <testcase classname="icivics_testcases.I22_StudentRegistration2_ClassCode_Test" name="C399_Clickbackbutton" time="18.636"/>
  <system-out/>
  <testcase classname="icivics_testcases.I22_StudentRegistration2_ClassCode_Test" name="C400_verifyfieldsisremembered" time="15.184"/>
  <system-out/>
  <testcase classname="icivics_testcases.I22_StudentRegistration2_ClassCode_Test" name="C403_clickontermsofuselink" time="26.058"/>
  <system-out/>
  <testcase classname="icivics_testcases.I22_StudentRegistration2_ClassCode_Test" name="C404_clickprivacypolicy" time="20.842"/>
  <system-out/>
  <testcase classname="icivics_testcases.I22_StudentRegistration2_ClassCode_Test" name="C405_verifypage2SignUpforEmailsfield" time="11.841"/>
  <system-out/>
  <testcase classname="icivics_testcases.I22_StudentRegistration2_ClassCode_Test" name="C408_hoveronpwdfield" time="15.125"/>
  <system-out/>
  <testcase classname="icivics_testcases.I22_StudentRegistration2_ClassCode_Test" name="C409_VerifyPasswordstrengthmeter" time="14.773"/>
  <system-out/>
  <testcase classname="icivics_testcases.I22_StudentRegistration2_ClassCode_Test" name="C410_VerifyPasswordindicatormatch" time="18.442"/>
  <system-out/>
  <testcase classname="icivics_testcases.I22_StudentRegistration2_ClassCode_Test" name="C412_verifyenterinvaliddata" time="23.926"/>
  <system-out/>
  <testcase classname="icivics_testcases.I22_StudentRegistration2_ClassCode_Test" name="C412_verifytermsofuseandprivacycheckbox" time="16.376"/>
  <system-out/>
  <testcase classname="icivics_testcases.I22_StudentRegistration2_ClassCode_Test" name="C413_verifyblankerrormsg" time="18.297"/>
  <system-out/>
  <testcase classname="icivics_testcases.I22_StudentRegistration2_ClassCode_Test" name="C414_verifypage3loaded" time="24.278"/>
  <system-out/>
</testsuite> <!-- icivics_testcases.I22_StudentRegistration2_ClassCode_Test -->
