<?xml version="1.0" encoding="UTF-8"?>
<!-- Generated by org.testng.reporters.JUnitReportReporter -->
<testsuite hostname="AMX-RL-20-348-W" failures="0" tests="5" name="icivics_testcases.I40_Googlesignon_Test" time="532.534" errors="0" timestamp="2022-08-03T00:06:58 IST" skipped="0">
  <testcase classname="icivics_testcases.I40_Googlesignon_Test" name="C539_Verifygooglesiginpage" time="9.065"/>
  <system-out/>
  <testcase classname="icivics_testcases.I40_Googlesignon_Test" name="C540_verifyentercredentails" time="46.912"/>
  <system-out/>
  <testcase classname="icivics_testcases.I40_Googlesignon_Test" name="C541_verifyentercredentails2" time="279.542"/>
  <system-out/>
  <testcase classname="icivics_testcases.I40_Googlesignon_Test" name="C542_verifyentercredentailsasstudent" time="26.751"/>
  <system-out/>
  <testcase classname="icivics_testcases.I40_Googlesignon_Test" name="C543_verifynotregisteredaccountforstudent" time="170.264"/>
  <system-out/>
</testsuite> <!-- icivics_testcases.I40_Googlesignon_Test -->
